2025-04-04 10:05:52.318933 - Received CBT.V508.FILE459.PDS from FILE459.XMI 
2025-04-04 10:05:52.321445 - Found $$$#DATE.txt (text/plain) in CBT.V508.FILE459.PDS, moved to PDS/$$$#DATE
2025-04-04 10:05:52.321593 - Found $$$DOC.txt (text/plain) in CBT.V508.FILE459.PDS, moved to PDS/$$$DOC
2025-04-04 10:05:52.321729 - Found #DOC#.txt (text/plain) in CBT.V508.FILE459.PDS, moved to PDS/#DOC#
2025-04-04 10:05:52.321864 - Found #INFO#.txt (text/plain) in CBT.V508.FILE459.PDS, moved to PDS/#INFO#
2025-04-04 10:05:52.321988 - Found @FILE459.txt (text/plain) in CBT.V508.FILE459.PDS, moved to PDS/@FILE459
2025-04-04 10:05:52.322122 - Found ACS.txt (text/plain) in CBT.V508.FILE459.PDS, moved to PDS/ACS
2025-04-04 10:05:52.322548 - Found ALT.txt (text/plain) in CBT.V508.FILE459.PDS, moved to PDS/ALT
2025-04-04 10:05:52.322673 - Found AOS.txt (text/plain) in CBT.V508.FILE459.PDS, moved to PDS/AOS
2025-04-04 10:05:52.322799 - Found DDT.txt (text/plain) in CBT.V508.FILE459.PDS, moved to PDS/DDT
2025-04-04 10:05:52.322984 - Found DYLO.txt (text/plain) in CBT.V508.FILE459.PDS, moved to PDS/DYLO
2025-04-04 10:05:52.323105 - Found DYLO$.jcl (text/plain) in CBT.V508.FILE459.PDS, moved to PDS/DYLO$
2025-04-04 10:05:52.323226 - Found DYLO$DOC.jcl (text/plain) in CBT.V508.FILE459.PDS, moved to PDS/DYLO$DOC
2025-04-04 10:05:52.323349 - Found DYLO$XEQ.jcl (text/plain) in CBT.V508.FILE459.PDS, moved to PDS/DYLO$XEQ
2025-04-04 10:05:52.323492 - Found DYLO#.txt (text/plain) in CBT.V508.FILE459.PDS, moved to PDS/DYLO#
2025-04-04 10:05:52.323635 - Found DYLO@.txt (text/plain) in CBT.V508.FILE459.PDS, moved to PDS/DYLO@
2025-04-04 10:05:52.323762 - Found DYLOCMD.txt (text/plain) in CBT.V508.FILE459.PDS, moved to PDS/DYLOCMD
2025-04-04 10:05:52.323886 - Found DYLOCOM.txt (text/plain) in CBT.V508.FILE459.PDS, moved to PDS/DYLOCOM
2025-04-04 10:05:52.324005 - Found DYLODDT.txt (text/plain) in CBT.V508.FILE459.PDS, moved to PDS/DYLODDT
2025-04-04 10:05:52.324142 - Found DYLOGAL.txt (text/plain) in CBT.V508.FILE459.PDS, moved to PDS/DYLOGAL
2025-04-04 10:05:52.324273 - Found DYLOH.txt (text/plain) in CBT.V508.FILE459.PDS, moved to PDS/DYLOH
2025-04-04 10:05:52.324398 - Found DYLOM.txt (text/plain) in CBT.V508.FILE459.PDS, moved to PDS/DYLOM
2025-04-04 10:05:52.324538 - Found DYLOMAC.txt (text/plain) in CBT.V508.FILE459.PDS, moved to PDS/DYLOMAC
2025-04-04 10:05:52.324661 - Found DYLOSCO.txt (text/plain) in CBT.V508.FILE459.PDS, moved to PDS/DYLOSCO
2025-04-04 10:05:52.324797 - Found DYLOUAL.txt (text/plain) in CBT.V508.FILE459.PDS, moved to PDS/DYLOUAL
2025-04-04 10:05:52.324920 - Found DYLOUSD.txt (text/plain) in CBT.V508.FILE459.PDS, moved to PDS/DYLOUSD
2025-04-04 10:05:52.325042 - Found IDV.txt (text/plain) in CBT.V508.FILE459.PDS, moved to PDS/IDV
2025-04-04 10:05:52.325163 - Found KMX.txt (text/plain) in CBT.V508.FILE459.PDS, moved to PDS/KMX
2025-04-04 10:05:52.325280 - Found KSXD.txt (text/plain) in CBT.V508.FILE459.PDS, moved to PDS/KSXD
2025-04-04 10:05:52.325397 - Found KSXI.txt (text/plain) in CBT.V508.FILE459.PDS, moved to PDS/KSXI
2025-04-04 10:05:52.325513 - Found KSXS.txt (text/plain) in CBT.V508.FILE459.PDS, moved to PDS/KSXS
2025-04-04 10:05:52.325647 - Found PAJCKMX.txt (text/plain) in CBT.V508.FILE459.PDS, moved to PDS/PAJCKMX
2025-04-04 10:05:52.325768 - Found PAJCKSXD.txt (text/plain) in CBT.V508.FILE459.PDS, moved to PDS/PAJCKSXD
2025-04-04 10:05:52.325885 - Found PAJCKSXI.txt (text/plain) in CBT.V508.FILE459.PDS, moved to PDS/PAJCKSXI
2025-04-04 10:05:52.326018 - Found PAJCKSXS.txt (text/plain) in CBT.V508.FILE459.PDS, moved to PDS/PAJCKSXS
2025-04-04 10:05:52.326134 - Found PAJCSC.txt (text/plain) in CBT.V508.FILE459.PDS, moved to PDS/PAJCSC
2025-04-04 10:05:52.326260 - Found PAJCSHDE.txt (text/plain) in CBT.V508.FILE459.PDS, moved to PDS/PAJCSHDE
2025-04-04 10:05:52.326374 - Found PAJCSHDU.txt (text/plain) in CBT.V508.FILE459.PDS, moved to PDS/PAJCSHDU
2025-04-04 10:05:52.326500 - Found PAJCSHDW.txt (text/plain) in CBT.V508.FILE459.PDS, moved to PDS/PAJCSHDW
2025-04-04 10:05:52.326622 - Found PAJCSHEN.txt (text/plain) in CBT.V508.FILE459.PDS, moved to PDS/PAJCSHEN
2025-04-04 10:05:52.326750 - Found PAJCTOPS.txt (text/plain) in CBT.V508.FILE459.PDS, moved to PDS/PAJCTOPS
2025-04-04 10:05:52.326867 - Found PAJC00.txt (text/plain) in CBT.V508.FILE459.PDS, moved to PDS/PAJC00
2025-04-04 10:05:52.326998 - Found PAJSC0.txt (text/plain) in CBT.V508.FILE459.PDS, moved to PDS/PAJSC0
2025-04-04 10:05:52.327122 - Found PAJSC00.txt (text/plain) in CBT.V508.FILE459.PDS, moved to PDS/PAJSC00
2025-04-04 10:05:52.327234 - Found PAJSC1.txt (text/plain) in CBT.V508.FILE459.PDS, moved to PDS/PAJSC1
2025-04-04 10:05:52.327349 - Found PAJSC2.txt (text/plain) in CBT.V508.FILE459.PDS, moved to PDS/PAJSC2
2025-04-04 10:05:52.327464 - Found PAJSHDU.txt (text/plain) in CBT.V508.FILE459.PDS, moved to PDS/PAJSHDU
2025-04-04 10:05:52.327579 - Found PAJSHDW.txt (text/plain) in CBT.V508.FILE459.PDS, moved to PDS/PAJSHDW
2025-04-04 10:05:52.327700 - Found PAJSHDWH.txt (text/plain) in CBT.V508.FILE459.PDS, moved to PDS/PAJSHDWH
2025-04-04 10:05:52.327830 - Found PAJSHDWI.txt (text/plain) in CBT.V508.FILE459.PDS, moved to PDS/PAJSHDWI
2025-04-04 10:05:52.327953 - Found PAJSHDWQ.txt (text/plain) in CBT.V508.FILE459.PDS, moved to PDS/PAJSHDWQ
2025-04-04 10:05:52.328072 - Found PAJSHDWS.txt (text/plain) in CBT.V508.FILE459.PDS, moved to PDS/PAJSHDWS
2025-04-04 10:05:52.328202 - Found PAJSHDWT.txt (text/plain) in CBT.V508.FILE459.PDS, moved to PDS/PAJSHDWT
2025-04-04 10:05:52.328329 - Found PAJSHDWU.txt (text/plain) in CBT.V508.FILE459.PDS, moved to PDS/PAJSHDWU
2025-04-04 10:05:52.328447 - Found PAJSSHDU.jcl (text/plain) in CBT.V508.FILE459.PDS, moved to PDS/PAJSSHDU
2025-04-04 10:05:52.328563 - Found PAJSTOPS.jcl (text/plain) in CBT.V508.FILE459.PDS, moved to PDS/PAJSTOPS
2025-04-04 10:05:52.328679 - Found PAJTOPSH.txt (text/plain) in CBT.V508.FILE459.PDS, moved to PDS/PAJTOPSH
2025-04-04 10:05:52.328809 - Found PAJTOPSL.txt (text/plain) in CBT.V508.FILE459.PDS, moved to PDS/PAJTOPSL
2025-04-04 10:05:52.328926 - Found PAJTOPSM.txt (text/plain) in CBT.V508.FILE459.PDS, moved to PDS/PAJTOPSM
2025-04-04 10:05:52.329046 - Found PAJTSC1.txt (text/plain) in CBT.V508.FILE459.PDS, moved to PDS/PAJTSC1
2025-04-04 10:05:52.329182 - Found PAJTSC2.txt (text/plain) in CBT.V508.FILE459.PDS, moved to PDS/PAJTSC2
2025-04-04 10:05:52.329296 - Found PAJTSC3.txt (text/plain) in CBT.V508.FILE459.PDS, moved to PDS/PAJTSC3
2025-04-04 10:05:52.329411 - Found PAJT90.txt (text/plain) in CBT.V508.FILE459.PDS, moved to PDS/PAJT90
2025-04-04 10:05:52.329532 - Found PAJU99.txt (text/plain) in CBT.V508.FILE459.PDS, moved to PDS/PAJU99
2025-04-04 10:05:52.329647 - Found SHADOW$.jcl (text/plain) in CBT.V508.FILE459.PDS, moved to PDS/SHADOW$
2025-04-04 10:05:52.329769 - Found SHADOW#.txt (text/plain) in CBT.V508.FILE459.PDS, moved to PDS/SHADOW#
2025-04-04 10:05:52.330023 - Found SHADOW@.txt (text/plain) in CBT.V508.FILE459.PDS, moved to PDS/SHADOW@
2025-04-04 10:05:52.330140 - Found SHORT$.jcl (text/plain) in CBT.V508.FILE459.PDS, moved to PDS/SHORT$
2025-04-04 10:05:52.330271 - Found SHORT@.txt (text/plain) in CBT.V508.FILE459.PDS, moved to PDS/SHORT@
2025-04-04 10:05:52.330388 - Found TOPSEC.txt (text/plain) in CBT.V508.FILE459.PDS, moved to PDS/TOPSEC
2025-04-04 10:05:52.330503 - Found TOPSEC$.jcl (text/plain) in CBT.V508.FILE459.PDS, moved to PDS/TOPSEC$
2025-04-04 10:05:52.330614 - Found TOPSEC#.txt (text/plain) in CBT.V508.FILE459.PDS, moved to PDS/TOPSEC#
2025-04-04 10:05:52.330726 - Found TOPSEC@.txt (text/plain) in CBT.V508.FILE459.PDS, moved to PDS/TOPSEC@
2025-04-04 10:05:52.330840 - Found TOPSECU.txt (text/plain) in CBT.V508.FILE459.PDS, moved to PDS/TOPSECU
